[
  {
    "src": "안녕하세요",
    "tgt": "Xin chào",
    "tgt_edit": "",
    "notes": "",
    "pending": false
  },
  {
    "src": "감사합니다",
    "tgt": "Cảm ơn bạn",
    "tgt_edit": "ff",
    "notes": "",
    "pending": false
  },
  {
    "src": "만나서 반갑습니다",
    "tgt": "Rất vui được gặp bạn",
    "tgt_edit": "fff",
    "notes": "",
    "pending": false
  },
  {
    "src": "만나서 반갑습니다 만나서 반갑습니다 만나서 반갑습니다 만나서 반갑습니다만나서 반갑습니다만나서 반갑습니다만나서 반갑습니다만나서 반갑습니다만나서 반갑습니다",
    "tgt": "Rất vui được gặp bạnRất vui được gặp bạnRất vui được gặp bạnRất vui được gặp bạnRất vui được gặp bạnRất vui được gặp bạnRất vui được gặp bạnRất vui được gặp bạn",
    "tgt_edit": "fdgggg",
    "notes": "",
    "pending": false
  }
]